[debug] [2026-06-01T20:18:50.785Z] ----------------------------------------------------------------------
[debug] [2026-06-01T20:18:50.788Z] Command:       /usr/bin/node-22 /home/rbrandao/New-AeraCloud/node_modules/.bin/firebase deploy --only functions,firestore:rules
[debug] [2026-06-01T20:18:50.788Z] CLI Version:   14.27.0
[debug] [2026-06-01T20:18:50.789Z] Platform:      linux
[debug] [2026-06-01T20:18:50.789Z] Node Version:  v22.22.2
[debug] [2026-06-01T20:18:50.789Z] Time:          Mon Jun 01 2026 17:18:50 GMT-0300 (Horário Padrão de Brasília)
[debug] [2026-06-01T20:18:50.789Z] ----------------------------------------------------------------------
[debug] 
[debug] [2026-06-01T20:18:51.025Z] > command requires scopes: ["email","openid","https://www.googleapis.com/auth/cloudplatformprojects.readonly","https://www.googleapis.com/auth/firebase","https://www.googleapis.com/auth/cloud-platform"]
[debug] [2026-06-01T20:18:51.026Z] > authorizing via signed-in user (rafael.facsenac@gmail.com)
[debug] [2026-06-01T20:18:51.026Z] [iam] checking project aera-cloud for permissions ["cloudfunctions.functions.create","cloudfunctions.functions.delete","cloudfunctions.functions.get","cloudfunctions.functions.list","cloudfunctions.functions.update","cloudfunctions.operations.get","datastore.indexes.create","datastore.indexes.delete","datastore.indexes.list","datastore.indexes.update","firebase.projects.get"]
[debug] [2026-06-01T20:18:51.027Z] Checked if tokens are valid: true, expires at: 1780348170000
[debug] [2026-06-01T20:18:51.027Z] Checked if tokens are valid: true, expires at: 1780348170000
[debug] [2026-06-01T20:18:51.029Z] >>> [apiv2][query] POST https://cloudresourcemanager.googleapis.com/v1/projects/aera-cloud:testIamPermissions [none]
[debug] [2026-06-01T20:18:51.029Z] >>> [apiv2][(partial)header] POST https://cloudresourcemanager.googleapis.com/v1/projects/aera-cloud:testIamPermissions x-goog-quota-user=projects/aera-cloud
[debug] [2026-06-01T20:18:51.029Z] >>> [apiv2][body] POST https://cloudresourcemanager.googleapis.com/v1/projects/aera-cloud:testIamPermissions {"permissions":["cloudfunctions.functions.create","cloudfunctions.functions.delete","cloudfunctions.functions.get","cloudfunctions.functions.list","cloudfunctions.functions.update","cloudfunctions.operations.get","datastore.indexes.create","datastore.indexes.delete","datastore.indexes.list","datastore.indexes.update","firebase.projects.get"]}
[debug] [2026-06-01T20:18:52.066Z] <<< [apiv2][status] POST https://cloudresourcemanager.googleapis.com/v1/projects/aera-cloud:testIamPermissions 200
[debug] [2026-06-01T20:18:52.067Z] <<< [apiv2][body] POST https://cloudresourcemanager.googleapis.com/v1/projects/aera-cloud:testIamPermissions {"permissions":["cloudfunctions.functions.create","cloudfunctions.functions.delete","cloudfunctions.functions.get","cloudfunctions.functions.list","cloudfunctions.functions.update","cloudfunctions.operations.get","datastore.indexes.create","datastore.indexes.delete","datastore.indexes.list","datastore.indexes.update","firebase.projects.get"]}
[debug] [2026-06-01T20:18:52.067Z] Checked if tokens are valid: true, expires at: 1780348170000
[debug] [2026-06-01T20:18:52.067Z] Checked if tokens are valid: true, expires at: 1780348170000
[debug] [2026-06-01T20:18:52.067Z] >>> [apiv2][query] POST https://iam.googleapis.com/v1/projects/aera-cloud/serviceAccounts/aera-cloud@appspot.gserviceaccount.com:testIamPermissions [none]
[debug] [2026-06-01T20:18:52.067Z] >>> [apiv2][body] POST https://iam.googleapis.com/v1/projects/aera-cloud/serviceAccounts/aera-cloud@appspot.gserviceaccount.com:testIamPermissions {"permissions":["iam.serviceAccounts.actAs"]}
[debug] [2026-06-01T20:18:53.100Z] <<< [apiv2][status] POST https://iam.googleapis.com/v1/projects/aera-cloud/serviceAccounts/aera-cloud@appspot.gserviceaccount.com:testIamPermissions 200
[debug] [2026-06-01T20:18:53.101Z] <<< [apiv2][body] POST https://iam.googleapis.com/v1/projects/aera-cloud/serviceAccounts/aera-cloud@appspot.gserviceaccount.com:testIamPermissions {"permissions":["iam.serviceAccounts.actAs"]}
[info] 
[info] === Deploying to 'aera-cloud'...
[info] 
[info] i  deploying firestore, functions 
[info] i  firestore: ensuring required API firestore.googleapis.com is enabled... 
[info] i  firestore: ensuring required API firestore.googleapis.com is enabled... 
[debug] [2026-06-01T20:18:53.107Z] Checked if tokens are valid: true, expires at: 1780348170000
[debug] [2026-06-01T20:18:53.108Z] Checked if tokens are valid: true, expires at: 1780348170000
[debug] [2026-06-01T20:18:53.108Z] >>> [apiv2][query] GET https://firestore.googleapis.com/v1/projects/aera-cloud/databases/(default) [none]
[debug] [2026-06-01T20:18:54.296Z] <<< [apiv2][status] GET https://firestore.googleapis.com/v1/projects/aera-cloud/databases/(default) 200
[debug] [2026-06-01T20:18:54.296Z] <<< [apiv2][body] GET https://firestore.googleapis.com/v1/projects/aera-cloud/databases/(default) {"name":"projects/aera-cloud/databases/(default)","uid":"07af5d62-e427-4b9e-b0d3-7eb1c079dd9d","createTime":"2026-06-01T20:09:47.411284Z","updateTime":"2026-06-01T20:09:47.411284Z","locationId":"nam5","type":"FIRESTORE_NATIVE","concurrencyMode":"PESSIMISTIC","versionRetentionPeriod":"3600s","earliestVersionTime":"2026-06-01T20:09:47.411284Z","appEngineIntegrationMode":"DISABLED","keyPrefix":"s","pointInTimeRecoveryEnablement":"POINT_IN_TIME_RECOVERY_DISABLED","deleteProtectionState":"DELETE_PROTECTION_DISABLED","databaseEdition":"STANDARD","freeTier":true,"realtimeUpdatesMode":"REALTIME_UPDATES_MODE_ENABLED","etag":"ILzMtbru5pQDMNnLsLjs5pQD"}
[info] i  firestore: reading indexes from firestore.indexes.json... 
[info] i  cloud.firestore: checking firestore.rules for compilation errors... 
[debug] [2026-06-01T20:18:54.298Z] Checked if tokens are valid: true, expires at: 1780348170000
[debug] [2026-06-01T20:18:54.298Z] Checked if tokens are valid: true, expires at: 1780348170000
[debug] [2026-06-01T20:18:54.298Z] >>> [apiv2][query] POST https://firebaserules.googleapis.com/v1/projects/aera-cloud:test [none]
[debug] [2026-06-01T20:18:54.299Z] >>> [apiv2][body] POST https://firebaserules.googleapis.com/v1/projects/aera-cloud:test [omitted]
[debug] [2026-06-01T20:18:55.756Z] <<< [apiv2][status] POST https://firebaserules.googleapis.com/v1/projects/aera-cloud:test 200
[debug] [2026-06-01T20:18:55.756Z] <<< [apiv2][body] POST https://firebaserules.googleapis.com/v1/projects/aera-cloud:test {}
[info] ✔  cloud.firestore: rules file firestore.rules compiled successfully 
[debug] [2026-06-01T20:18:55.759Z] Checked if tokens are valid: true, expires at: 1780348170000
[debug] [2026-06-01T20:18:55.759Z] Checked if tokens are valid: true, expires at: 1780348170000
[debug] [2026-06-01T20:18:55.760Z] >>> [apiv2][query] GET https://cloudresourcemanager.googleapis.com/v1/projects/aera-cloud [none]
[debug] [2026-06-01T20:18:56.065Z] <<< [apiv2][status] GET https://cloudresourcemanager.googleapis.com/v1/projects/aera-cloud 200
[debug] [2026-06-01T20:18:56.065Z] <<< [apiv2][body] GET https://cloudresourcemanager.googleapis.com/v1/projects/aera-cloud {"projectNumber":"837928265015","projectId":"aera-cloud","lifecycleState":"ACTIVE","name":"Aera Cloud","labels":{"firebase":"enabled","firebase-core":"disabled"},"createTime":"2026-03-05T04:18:54.452341Z"}
[info] i  functions: preparing codebase default for deployment 
[info] i  functions: ensuring required API cloudfunctions.googleapis.com is enabled... 
[info] i  functions: ensuring required API cloudbuild.googleapis.com is enabled... 
[info] i  artifactregistry: ensuring required API artifactregistry.googleapis.com is enabled... 
[debug] [2026-06-01T20:18:56.068Z] Checked if tokens are valid: true, expires at: 1780348170000
[debug] [2026-06-01T20:18:56.068Z] Checked if tokens are valid: true, expires at: 1780348170000
[debug] [2026-06-01T20:18:56.068Z] >>> [apiv2][query] GET https://firebase.googleapis.com/v1beta1/projects/aera-cloud/adminSdkConfig [none]
[debug] [2026-06-01T20:18:56.706Z] <<< [apiv2][status] GET https://firebase.googleapis.com/v1beta1/projects/aera-cloud/adminSdkConfig 200
[debug] [2026-06-01T20:18:56.706Z] <<< [apiv2][body] GET https://firebase.googleapis.com/v1beta1/projects/aera-cloud/adminSdkConfig {"projectId":"aera-cloud","storageBucket":"aera-cloud.firebasestorage.app"}
[debug] [2026-06-01T20:18:56.707Z] Checked if tokens are valid: true, expires at: 1780348170000
[debug] [2026-06-01T20:18:56.707Z] Checked if tokens are valid: true, expires at: 1780348170000
[debug] [2026-06-01T20:18:56.707Z] >>> [apiv2][query] GET https://runtimeconfig.googleapis.com/v1beta1/projects/aera-cloud/configs [none]
[debug] [2026-06-01T20:18:57.961Z] <<< [apiv2][status] GET https://runtimeconfig.googleapis.com/v1beta1/projects/aera-cloud/configs 200
[debug] [2026-06-01T20:18:57.961Z] <<< [apiv2][body] GET https://runtimeconfig.googleapis.com/v1beta1/projects/aera-cloud/configs {}
[debug] [2026-06-01T20:18:57.964Z] Validating nodejs source
[warn] ⚠  functions: Runtime Node.js 20 was deprecated on 2026-04-30 and will be decommissioned on 2026-10-30, after which you will not be able to deploy without upgrading. Consider upgrading now to avoid disruption. See https://cloud.google.com/functions/docs/runtime-support for full details on the lifecycle policy 
[warn] ⚠  functions: package.json indicates an outdated version of firebase-functions. Please upgrade using npm install --save firebase-functions@latest in your functions directory. 
[warn] ⚠  functions: Please note that there will be breaking changes when you upgrade. 
[debug] [2026-06-01T20:18:59.201Z] > [functions] package.json contents: {
  "name": "aeracloud-functions",
  "private": true,
  "engines": {
    "node": "20"
  },
  "main": "lib/index.js",
  "scripts": {
    "build": "tsc",
    "deploy": "npm run build && firebase deploy --only functions"
  },
  "dependencies": {
    "firebase-admin": "^13.4.0",
    "firebase-functions": "^6.3.2"
  },
  "devDependencies": {
    "typescript": "^5.9.3"
  }
}
[debug] [2026-06-01T20:18:59.201Z] Building nodejs source
[info] i  functions: Loading and analyzing source code for codebase default to determine what to deploy 
[debug] [2026-06-01T20:18:59.205Z] Could not find functions.yaml. Must use http discovery
[debug] [2026-06-01T20:18:59.224Z] Found firebase-functions binary at '/home/rbrandao/New-AeraCloud/functions/node_modules/.bin/firebase-functions'
[info] Serving at port 8627

[debug] [2026-06-01T20:18:59.772Z] Got response from /__/functions.yaml {"endpoints":{"submitLead":{"availableMemoryMb":null,"timeoutSeconds":null,"minInstances":null,"maxInstances":10,"ingressSettings":null,"concurrency":null,"serviceAccountEmail":null,"vpc":null,"platform":"gcfv2","region":["southamerica-east1"],"labels":{},"httpsTrigger":{},"entryPoint":"submitLead"}},"specVersion":"v1alpha1","requiredAPIs":[],"extensions":{}}
[info] i  extensions: ensuring required API firebaseextensions.googleapis.com is enabled... 
[debug] [2026-06-01T20:19:03.807Z] > command requires scopes: ["email","openid","https://www.googleapis.com/auth/cloudplatformprojects.readonly","https://www.googleapis.com/auth/firebase","https://www.googleapis.com/auth/cloud-platform"]
[debug] [2026-06-01T20:19:03.807Z] > authorizing via signed-in user (rafael.facsenac@gmail.com)
[debug] [2026-06-01T20:19:03.807Z] [iam] checking project aera-cloud for permissions ["firebase.projects.get","firebaseextensions.instances.list"]
[debug] [2026-06-01T20:19:03.808Z] Checked if tokens are valid: true, expires at: 1780348170000
[debug] [2026-06-01T20:19:03.808Z] Checked if tokens are valid: true, expires at: 1780348170000
[debug] [2026-06-01T20:19:03.808Z] >>> [apiv2][query] POST https://cloudresourcemanager.googleapis.com/v1/projects/aera-cloud:testIamPermissions [none]
[debug] [2026-06-01T20:19:03.809Z] >>> [apiv2][(partial)header] POST https://cloudresourcemanager.googleapis.com/v1/projects/aera-cloud:testIamPermissions x-goog-quota-user=projects/aera-cloud
[debug] [2026-06-01T20:19:03.809Z] >>> [apiv2][body] POST https://cloudresourcemanager.googleapis.com/v1/projects/aera-cloud:testIamPermissions {"permissions":["firebase.projects.get","firebaseextensions.instances.list"]}
[debug] [2026-06-01T20:19:04.739Z] <<< [apiv2][status] POST https://cloudresourcemanager.googleapis.com/v1/projects/aera-cloud:testIamPermissions 200
[debug] [2026-06-01T20:19:04.739Z] <<< [apiv2][body] POST https://cloudresourcemanager.googleapis.com/v1/projects/aera-cloud:testIamPermissions {"permissions":["firebase.projects.get","firebaseextensions.instances.list"]}
[debug] [2026-06-01T20:19:04.740Z] Checked if tokens are valid: true, expires at: 1780348170000
[debug] [2026-06-01T20:19:04.740Z] Checked if tokens are valid: true, expires at: 1780348170000
[debug] [2026-06-01T20:19:04.741Z] >>> [apiv2][query] GET https://firebaseextensions.googleapis.com/v1beta/projects/aera-cloud/instances pageSize=100&pageToken=
[debug] [2026-06-01T20:19:05.890Z] <<< [apiv2][status] GET https://firebaseextensions.googleapis.com/v1beta/projects/aera-cloud/instances 200
[debug] [2026-06-01T20:19:05.890Z] <<< [apiv2][body] GET https://firebaseextensions.googleapis.com/v1beta/projects/aera-cloud/instances {}
[info] i  functions: preparing functions directory for uploading... 
[info] i  functions: packaged /home/rbrandao/New-AeraCloud/functions (35.7 KB) for uploading 
[debug] [2026-06-01T20:19:05.975Z] Checked if tokens are valid: true, expires at: 1780348170000
[debug] [2026-06-01T20:19:05.975Z] Checked if tokens are valid: true, expires at: 1780348170000
[debug] [2026-06-01T20:19:05.975Z] >>> [apiv2][query] GET https://cloudfunctions.googleapis.com/v1/projects/aera-cloud/locations/-/functions [none]
[debug] [2026-06-01T20:19:07.212Z] <<< [apiv2][status] GET https://cloudfunctions.googleapis.com/v1/projects/aera-cloud/locations/-/functions 200
[debug] [2026-06-01T20:19:07.213Z] <<< [apiv2][body] GET https://cloudfunctions.googleapis.com/v1/projects/aera-cloud/locations/-/functions {}
[debug] [2026-06-01T20:19:07.213Z] Checked if tokens are valid: true, expires at: 1780348170000
[debug] [2026-06-01T20:19:07.214Z] Checked if tokens are valid: true, expires at: 1780348170000
[debug] [2026-06-01T20:19:07.214Z] >>> [apiv2][query] GET https://cloudfunctions.googleapis.com/v2/projects/aera-cloud/locations/-/functions filter=environment%3D%22GEN_2%22
[debug] [2026-06-01T20:19:08.651Z] <<< [apiv2][status] GET https://cloudfunctions.googleapis.com/v2/projects/aera-cloud/locations/-/functions 200
[debug] [2026-06-01T20:19:08.651Z] <<< [apiv2][body] GET https://cloudfunctions.googleapis.com/v2/projects/aera-cloud/locations/-/functions {}
[info] i  functions: ensuring required API run.googleapis.com is enabled... 
[info] i  functions: ensuring required API eventarc.googleapis.com is enabled... 
[info] i  functions: ensuring required API pubsub.googleapis.com is enabled... 
[info] i  functions: ensuring required API storage.googleapis.com is enabled... 
[info] i  functions: generating the service identity for pubsub.googleapis.com... 
[debug] [2026-06-01T20:19:08.656Z] Checked if tokens are valid: true, expires at: 1780348170000
[debug] [2026-06-01T20:19:08.656Z] Checked if tokens are valid: true, expires at: 1780348170000
[info] i  functions: generating the service identity for eventarc.googleapis.com... 
[debug] [2026-06-01T20:19:08.657Z] Checked if tokens are valid: true, expires at: 1780348170000
[debug] [2026-06-01T20:19:08.657Z] Checked if tokens are valid: true, expires at: 1780348170000
[debug] [2026-06-01T20:19:08.657Z] >>> [apiv2][query] POST https://serviceusage.googleapis.com/v1beta1/projects/837928265015/services/pubsub.googleapis.com:generateServiceIdentity [none]
[debug] [2026-06-01T20:19:08.657Z] >>> [apiv2][(partial)header] POST https://serviceusage.googleapis.com/v1beta1/projects/837928265015/services/pubsub.googleapis.com:generateServiceIdentity x-goog-quota-user=projects/837928265015
[debug] [2026-06-01T20:19:08.657Z] >>> [apiv2][body] POST https://serviceusage.googleapis.com/v1beta1/projects/837928265015/services/pubsub.googleapis.com:generateServiceIdentity {}
[debug] [2026-06-01T20:19:08.659Z] >>> [apiv2][query] POST https://serviceusage.googleapis.com/v1beta1/projects/837928265015/services/eventarc.googleapis.com:generateServiceIdentity [none]
[debug] [2026-06-01T20:19:08.659Z] >>> [apiv2][(partial)header] POST https://serviceusage.googleapis.com/v1beta1/projects/837928265015/services/eventarc.googleapis.com:generateServiceIdentity x-goog-quota-user=projects/837928265015
[debug] [2026-06-01T20:19:08.659Z] >>> [apiv2][body] POST https://serviceusage.googleapis.com/v1beta1/projects/837928265015/services/eventarc.googleapis.com:generateServiceIdentity {}
[debug] [2026-06-01T20:19:09.829Z] <<< [apiv2][status] POST https://serviceusage.googleapis.com/v1beta1/projects/837928265015/services/pubsub.googleapis.com:generateServiceIdentity 200
[debug] [2026-06-01T20:19:09.829Z] <<< [apiv2][body] POST https://serviceusage.googleapis.com/v1beta1/projects/837928265015/services/pubsub.googleapis.com:generateServiceIdentity {"name":"operations/finished.DONE_OPERATION","done":true,"response":{"@type":"type.googleapis.com/google.api.serviceusage.v1beta1.ServiceIdentity","email":"service-837928265015@gcp-sa-pubsub.iam.gserviceaccount.com","uniqueId":"107927213364334827149"}}
[debug] [2026-06-01T20:19:09.831Z] <<< [apiv2][status] POST https://serviceusage.googleapis.com/v1beta1/projects/837928265015/services/eventarc.googleapis.com:generateServiceIdentity 200
[debug] [2026-06-01T20:19:09.831Z] <<< [apiv2][body] POST https://serviceusage.googleapis.com/v1beta1/projects/837928265015/services/eventarc.googleapis.com:generateServiceIdentity {"name":"operations/finished.DONE_OPERATION","done":true,"response":{"@type":"type.googleapis.com/google.api.serviceusage.v1beta1.ServiceIdentity","email":"service-837928265015@gcp-sa-eventarc.iam.gserviceaccount.com","uniqueId":"114924021319538221977"}}
[debug] [2026-06-01T20:19:09.835Z] Checked if tokens are valid: true, expires at: 1780348170000
[debug] [2026-06-01T20:19:09.835Z] Checked if tokens are valid: true, expires at: 1780348170000
[debug] [2026-06-01T20:19:09.835Z] >>> [apiv2][query] GET https://cloudresourcemanager.googleapis.com/v1/projects/aera-cloud [none]
[debug] [2026-06-01T20:19:10.196Z] <<< [apiv2][status] GET https://cloudresourcemanager.googleapis.com/v1/projects/aera-cloud 200
[debug] [2026-06-01T20:19:10.196Z] <<< [apiv2][body] GET https://cloudresourcemanager.googleapis.com/v1/projects/aera-cloud {"projectNumber":"837928265015","projectId":"aera-cloud","lifecycleState":"ACTIVE","name":"Aera Cloud","labels":{"firebase":"enabled","firebase-core":"disabled"},"createTime":"2026-03-05T04:18:54.452341Z"}
[debug] [2026-06-01T20:19:10.197Z] Checked if tokens are valid: true, expires at: 1780348170000
[debug] [2026-06-01T20:19:10.197Z] Checked if tokens are valid: true, expires at: 1780348170000
[debug] [2026-06-01T20:19:10.197Z] >>> [apiv2][query] GET https://compute.googleapis.com/compute/v1/projects/837928265015 [none]
[debug] [2026-06-01T20:19:11.116Z] <<< [apiv2][status] GET https://compute.googleapis.com/compute/v1/projects/837928265015 200
[debug] [2026-06-01T20:19:11.117Z] <<< [apiv2][body] GET https://compute.googleapis.com/compute/v1/projects/837928265015 {"kind":"compute#project","id":"1203936704021655836","creationTimestamp":"2026-04-26T10:48:35.372-07:00","name":"aera-cloud","commonInstanceMetadata":{"kind":"compute#metadata","fingerprint":"MfLYkW7yZY4=","items":[{"key":"ssh-keys","value":"rafael_facsenac:ssh-rsa AAAAB3NzaC1yc2EAAAADAQABAAABgQDJ+uo37mstWVLbwkY3DzpzopPhzFIABCEMvb51BnOQFJfm2qP79b/3KIxR39L+n0gtoV9WmqZ8nJVH6BJN+/R2d48hewYOBbA/AeVgWT55xA91Z5ev7+w/gZbx3KLkwHIpxtBUK46xtx3IVptdd3t25MsGJSCFj7j3tNv68PGtbhpkH0WS07F22Xo9OvhTdzu8UeBbODp14Ip/9R++On7x8nHdgIakTwUG2CCEfg9/WiPxVFvvcK3jTiKjVCaEHZ4jqOSMUDZxLBgCeGlDdIKD0b/AEMqlDplVsqaDfB0v3eM8Bv8O+I/UC59X/NRQTLAY1oXm6d9mvGHJi2hotPmrd/YMGAhD1hCvf82f3M22pnf7McfkP20aKOVygBDzN4FYMkN/FFbzfz6+zGy0HegrhxKsEVK5xzJ5TJgvREj8QpX0GYgVwIAEmZfbxynBlNpKJCNhfR9TJAaJ6B8DB21UcUZSWkSTOXu3bNTUbQ6W95cfT/Dge1qP8m+Pd7c3X10= rafael_facsenac@cs-299726348935-default"}]},"quotas":[{"metric":"SNAPSHOTS","limit":1000,"usage":0},{"metric":"NETWORKS","limit":5,"usage":1},{"metric":"FIREWALLS","limit":100,"usage":5},{"metric":"IMAGES","limit":100,"usage":0},{"metric":"STATIC_ADDRESSES","limit":8,"usage":0},{"metric":"ROUTES","limit":200,"usage":0},{"metric":"FORWARDING_RULES","limit":15,"usage":0},{"metric":"TARGET_POOLS","limit":50,"usage":0},{"metric":"HEALTH_CHECKS","limit":75,"usage":0},{"metric":"IN_USE_ADDRESSES","limit":8,"usage":0},{"metric":"TARGET_INSTANCES","limit":50,"usage":0},{"metric":"TARGET_HTTP_PROXIES","limit":10,"usage":0},{"metric":"URL_MAPS","limit":10,"usage":0},{"metric":"BACKEND_SERVICES","limit":50,"usage":0},{"metric":"INSTANCE_TEMPLATES","limit":100,"usage":0},{"metric":"TARGET_VPN_GATEWAYS","limit":5,"usage":0},{"metric":"VPN_TUNNELS","limit":10,"usage":0},{"metric":"BACKEND_BUCKETS","limit":3,"usage":0},{"metric":"ROUTERS","limit":10,"usage":0},{"metric":"TARGET_SSL_PROXIES","limit":10,"usage":0},{"metric":"TARGET_HTTPS_PROXIES","limit":10,"usage":0},{"metric":"SSL_CERTIFICATES","limit":10,"usage":0},{"metric":"SUBNETWORKS","limit":100,"usage":0},{"metric":"TARGET_TCP_PROXIES","limit":10,"usage":0},{"metric":"CPUS_ALL_REGIONS","limit":32,"usage":0},{"metric":"SECURITY_POLICIES","limit":10,"usage":0},{"metric":"SECURITY_POLICY_RULES","limit":100,"usage":0},{"metric":"XPN_SERVICE_PROJECTS","limit":1000,"usage":0},{"metric":"PACKET_MIRRORINGS","limit":20,"usage":0},{"metric":"NETWORK_ENDPOINT_GROUPS","limit":100,"usage":0},{"metric":"INTERCONNECTS","limit":6,"usage":0},{"metric":"SSL_POLICIES","limit":10,"usage":0},{"metric":"GLOBAL_INTERNAL_ADDRESSES","limit":5000,"usage":0},{"metric":"VPN_GATEWAYS","limit":5,"usage":0},{"metric":"MACHINE_IMAGES","limit":100,"usage":0},{"metric":"SECURITY_POLICY_CEVAL_RULES","limit":20,"usage":0},{"metric":"GPUS_ALL_REGIONS","limit":0,"usage":0},{"metric":"EXTERNAL_VPN_GATEWAYS","limit":5,"usage":0},{"metric":"PUBLIC_ADVERTISED_PREFIXES","limit":1,"usage":0},{"metric":"PUBLIC_DELEGATED_PREFIXES","limit":10,"usage":0},{"metric":"STATIC_BYOIP_ADDRESSES","limit":128,"usage":0},{"metric":"NETWORK_FIREWALL_POLICIES","limit":10,"usage":0},{"metric":"INTERNAL_TRAFFIC_DIRECTOR_FORWARDING_RULES","limit":15,"usage":0},{"metric":"GLOBAL_EXTERNAL_MANAGED_FORWARDING_RULES","limit":15,"usage":0},{"metric":"GLOBAL_INTERNAL_MANAGED_BACKEND_SERVICES","limit":50,"usage":0},{"metric":"GLOBAL_EXTERNAL_MANAGED_BACKEND_SERVICES","limit":50,"usage":0},{"metric":"GLOBAL_EXTERNAL_PROXY_LB_BACKEND_SERVICES","limit":50,"usage":0},{"metric":"GLOBAL_INTERNAL_TRAFFIC_DIRECTOR_BACKEND_SERVICES","limit":250,"usage":0}],"selfLink":"https://www.googleapis.com/compute/v1/projects/aera-cloud","defaultServiceAccount":"837928265015-compute@developer.gserviceaccount.com","xpnProjectStatus":"UNSPECIFIED_XPN_PROJECT_STATUS","defaultNetworkTier":"PREMIUM","vmDnsSetting":"ZONAL_ONLY","cloudArmorTier":"CA_STANDARD"}
[debug] [2026-06-01T20:19:11.119Z] Checked if tokens are valid: true, expires at: 1780348170000
[debug] [2026-06-01T20:19:11.119Z] Checked if tokens are valid: true, expires at: 1780348170000
[debug] [2026-06-01T20:19:11.119Z] >>> [apiv2][query] GET https://firebaserules.googleapis.com/v1/projects/aera-cloud/releases pageSize=10&pageToken=
[debug] [2026-06-01T20:19:12.450Z] <<< [apiv2][status] GET https://firebaserules.googleapis.com/v1/projects/aera-cloud/releases 200
[debug] [2026-06-01T20:19:12.450Z] <<< [apiv2][body] GET https://firebaserules.googleapis.com/v1/projects/aera-cloud/releases {"releases":[{"name":"projects/aera-cloud/releases/cloud.firestore","rulesetName":"projects/aera-cloud/rulesets/35f2dc27-3bb4-459e-a835-a17872fe3204","createTime":"2026-06-01T20:10:57.349612Z","updateTime":"2026-06-01T20:10:57.349612Z"}]}
[debug] [2026-06-01T20:19:12.451Z] Checked if tokens are valid: true, expires at: 1780348170000
[debug] [2026-06-01T20:19:12.452Z] Checked if tokens are valid: true, expires at: 1780348170000
[debug] [2026-06-01T20:19:12.452Z] >>> [apiv2][query] GET https://firebaserules.googleapis.com/v1/projects/aera-cloud/rulesets/35f2dc27-3bb4-459e-a835-a17872fe3204 [none]
[debug] [2026-06-01T20:19:12.795Z] <<< [apiv2][status] GET https://firebaserules.googleapis.com/v1/projects/aera-cloud/rulesets/35f2dc27-3bb4-459e-a835-a17872fe3204 200
[debug] [2026-06-01T20:19:12.796Z] <<< [apiv2][body] GET https://firebaserules.googleapis.com/v1/projects/aera-cloud/rulesets/35f2dc27-3bb4-459e-a835-a17872fe3204 [omitted]
[info] i  firestore: latest version of firestore.rules already up to date, skipping upload... 
[debug] [2026-06-01T20:19:12.799Z] Checked if tokens are valid: true, expires at: 1780348170000
[debug] [2026-06-01T20:19:12.799Z] Checked if tokens are valid: true, expires at: 1780348170000
[debug] [2026-06-01T20:19:12.799Z] >>> [apiv2][query] GET https://cloudbilling.googleapis.com/v1/projects/aera-cloud/billingInfo [none]
[debug] [2026-06-01T20:19:13.364Z] <<< [apiv2][status] GET https://cloudbilling.googleapis.com/v1/projects/aera-cloud/billingInfo 200
[debug] [2026-06-01T20:19:13.364Z] <<< [apiv2][body] GET https://cloudbilling.googleapis.com/v1/projects/aera-cloud/billingInfo {"name":"projects/aera-cloud/billingInfo","projectId":"aera-cloud","billingAccountName":"billingAccounts/01F4D2-1B5057-FF3F25","billingEnabled":true}
[debug] [2026-06-01T20:19:13.366Z] [functions] found 1 new HTTP functions, testing setIamPolicy permission...
[debug] [2026-06-01T20:19:13.367Z] Checked if tokens are valid: true, expires at: 1780348170000
[debug] [2026-06-01T20:19:13.367Z] Checked if tokens are valid: true, expires at: 1780348170000
[debug] [2026-06-01T20:19:13.367Z] >>> [apiv2][query] POST https://cloudresourcemanager.googleapis.com/v1/projects/aera-cloud:testIamPermissions [none]
[debug] [2026-06-01T20:19:13.367Z] >>> [apiv2][(partial)header] POST https://cloudresourcemanager.googleapis.com/v1/projects/aera-cloud:testIamPermissions x-goog-quota-user=projects/aera-cloud
[debug] [2026-06-01T20:19:13.367Z] >>> [apiv2][body] POST https://cloudresourcemanager.googleapis.com/v1/projects/aera-cloud:testIamPermissions {"permissions":["cloudfunctions.functions.setIamPolicy"]}
[debug] [2026-06-01T20:19:13.555Z] <<< [apiv2][status] POST https://cloudresourcemanager.googleapis.com/v1/projects/aera-cloud:testIamPermissions 200
[debug] [2026-06-01T20:19:13.555Z] <<< [apiv2][body] POST https://cloudresourcemanager.googleapis.com/v1/projects/aera-cloud:testIamPermissions {"permissions":["cloudfunctions.functions.setIamPolicy"]}
[debug] [2026-06-01T20:19:13.556Z] [functions] found setIamPolicy permission, proceeding with deploy
[debug] [2026-06-01T20:19:13.557Z] Checked if tokens are valid: true, expires at: 1780348170000
[debug] [2026-06-01T20:19:13.557Z] Checked if tokens are valid: true, expires at: 1780348170000
[debug] [2026-06-01T20:19:13.557Z] >>> [apiv2][query] POST https://cloudfunctions.googleapis.com/v2/projects/aera-cloud/locations/southamerica-east1/functions:generateUploadUrl [none]
[debug] [2026-06-01T20:19:14.243Z] <<< [apiv2][status] POST https://cloudfunctions.googleapis.com/v2/projects/aera-cloud/locations/southamerica-east1/functions:generateUploadUrl 200
[debug] [2026-06-01T20:19:14.243Z] <<< [apiv2][body] POST https://cloudfunctions.googleapis.com/v2/projects/aera-cloud/locations/southamerica-east1/functions:generateUploadUrl {"uploadUrl":"https://storage.googleapis.com/gcf-v2-uploads-837928265015.southamerica-east1.cloudfunctions.appspot.com/69256767-972c-4f60-9e08-e9f2026a14aa.zip?GoogleAccessId=service-837928265015@gcf-admin-robot.iam.gserviceaccount.com&Expires=1780346954&Signature=xRFO7XcB3u7inTIK3248ej8wjx6sM0VstLZbhkoNE4XZAJmd6vUNg%2Fbu%2FUd06rPyDUYjntOcuZIkOp9hSBoX58uYI60Cr97qkfkO44vhseAjbDLD1YpO6lMbtd5o5Sy3%2BhJtDwTvZn8VsLX2iYMwgZn%2BEPNtyPM6w2s69zJMyPHfoLcINHg%2BvYQUQ8KwU0k05y%2F2qFp1HBHiJDeQMW8ldt6fZlm5XCFtPkQYau6OaqiqnKKrC8dVQqUo05RZUgsFoyeIxQB%2FwaAsbbAE5yVn6sa7uhxKK6F5GaZDKJ38rR58OERwR6tDLaaIwiVUYZUxup6lhMbruWiq0e0fFKyYBQ%3D%3D","storageSource":{"bucket":"gcf-v2-uploads-837928265015.southamerica-east1.cloudfunctions.appspot.com","object":"69256767-972c-4f60-9e08-e9f2026a14aa.zip"}}
[debug] [2026-06-01T20:19:14.245Z] >>> [apiv2][query] PUT https://storage.googleapis.com/gcf-v2-uploads-837928265015.southamerica-east1.cloudfunctions.appspot.com/69256767-972c-4f60-9e08-e9f2026a14aa.zip GoogleAccessId=service-837928265015%40gcf-admin-robot.iam.gserviceaccount.com&Expires=1780346954&Signature=xRFO7XcB3u7inTIK3248ej8wjx6sM0VstLZbhkoNE4XZAJmd6vUNg%2Fbu%2FUd06rPyDUYjntOcuZIkOp9hSBoX58uYI60Cr97qkfkO44vhseAjbDLD1YpO6lMbtd5o5Sy3%2BhJtDwTvZn8VsLX2iYMwgZn%2BEPNtyPM6w2s69zJMyPHfoLcINHg%2BvYQUQ8KwU0k05y%2F2qFp1HBHiJDeQMW8ldt6fZlm5XCFtPkQYau6OaqiqnKKrC8dVQqUo05RZUgsFoyeIxQB%2FwaAsbbAE5yVn6sa7uhxKK6F5GaZDKJ38rR58OERwR6tDLaaIwiVUYZUxup6lhMbruWiq0e0fFKyYBQ%3D%3D
[debug] [2026-06-01T20:19:14.245Z] >>> [apiv2][body] PUT https://storage.googleapis.com/gcf-v2-uploads-837928265015.southamerica-east1.cloudfunctions.appspot.com/69256767-972c-4f60-9e08-e9f2026a14aa.zip [stream]
[debug] [2026-06-01T20:19:14.638Z] <<< [apiv2][status] PUT https://storage.googleapis.com/gcf-v2-uploads-837928265015.southamerica-east1.cloudfunctions.appspot.com/69256767-972c-4f60-9e08-e9f2026a14aa.zip 200
[debug] [2026-06-01T20:19:14.638Z] <<< [apiv2][body] PUT https://storage.googleapis.com/gcf-v2-uploads-837928265015.southamerica-east1.cloudfunctions.appspot.com/69256767-972c-4f60-9e08-e9f2026a14aa.zip [omitted]
[info] ✔  functions: functions source uploaded successfully 
[debug] [2026-06-01T20:19:14.639Z] [rules] releasing cloud.firestore/(default) with ruleset projects/aera-cloud/rulesets/35f2dc27-3bb4-459e-a835-a17872fe3204
[debug] [2026-06-01T20:19:14.640Z] Checked if tokens are valid: true, expires at: 1780348170000
[debug] [2026-06-01T20:19:14.640Z] Checked if tokens are valid: true, expires at: 1780348170000
[debug] [2026-06-01T20:19:14.640Z] >>> [apiv2][query] PATCH https://firebaserules.googleapis.com/v1/projects/aera-cloud/releases/cloud.firestore/(default) [none]
[debug] [2026-06-01T20:19:14.640Z] >>> [apiv2][body] PATCH https://firebaserules.googleapis.com/v1/projects/aera-cloud/releases/cloud.firestore/(default) {"release":{"name":"projects/aera-cloud/releases/cloud.firestore/(default)","rulesetName":"projects/aera-cloud/rulesets/35f2dc27-3bb4-459e-a835-a17872fe3204"}}
[debug] [2026-06-01T20:19:15.983Z] <<< [apiv2][status] PATCH https://firebaserules.googleapis.com/v1/projects/aera-cloud/releases/cloud.firestore/(default) 200
[debug] [2026-06-01T20:19:15.983Z] <<< [apiv2][body] PATCH https://firebaserules.googleapis.com/v1/projects/aera-cloud/releases/cloud.firestore/(default) {"name":"projects/aera-cloud/releases/cloud.firestore","rulesetName":"projects/aera-cloud/rulesets/35f2dc27-3bb4-459e-a835-a17872fe3204","createTime":"2026-06-01T20:10:57.349612Z","updateTime":"2026-06-01T20:19:15.827920Z"}
[debug] [2026-06-01T20:19:15.983Z] [rules] updated release projects/aera-cloud/releases/cloud.firestore
[info] ✔  firestore: released rules firestore.rules to cloud.firestore 
[info] i  functions: creating Node.js 20 (2nd Gen) function submitLead(southamerica-east1)... 
[debug] [2026-06-01T20:19:15.989Z] Checked if tokens are valid: true, expires at: 1780348170000
[debug] [2026-06-01T20:19:15.989Z] Checked if tokens are valid: true, expires at: 1780348170000
[debug] [2026-06-01T20:19:15.989Z] >>> [apiv2][query] POST https://cloudfunctions.googleapis.com/v2/projects/aera-cloud/locations/southamerica-east1/functions functionId=submitLead
[debug] [2026-06-01T20:19:15.989Z] >>> [apiv2][body] POST https://cloudfunctions.googleapis.com/v2/projects/aera-cloud/locations/southamerica-east1/functions {"name":"projects/aera-cloud/locations/southamerica-east1/functions/submitLead","buildConfig":{"runtime":"nodejs20","entryPoint":"submitLead","source":{"storageSource":{"bucket":"gcf-v2-uploads-837928265015.southamerica-east1.cloudfunctions.appspot.com","object":"69256767-972c-4f60-9e08-e9f2026a14aa.zip"}},"environmentVariables":{"GOOGLE_NODE_RUN_SCRIPTS":""}},"serviceConfig":{"environmentVariables":{"FIREBASE_CONFIG":"{\"projectId\":\"aera-cloud\",\"storageBucket\":\"aera-cloud.firebasestorage.app\"}","GCLOUD_PROJECT":"aera-cloud","EVENTARC_CLOUD_EVENT_SOURCE":"projects/aera-cloud/locations/southamerica-east1/services/submitLead","FUNCTION_TARGET":"submitLead","LOG_EXECUTION_ID":"true"},"ingressSettings":null,"timeoutSeconds":null,"serviceAccountEmail":null,"availableMemory":"256Mi","minInstanceCount":null,"maxInstanceCount":10,"maxInstanceRequestConcurrency":80,"availableCpu":"1","vpcConnector":null,"vpcConnectorEgressSettings":null},"labels":{"deployment-tool":"cli-firebase","firebase-functions-hash":"7c3b9f151fbfb2ec96c594eaa2a44d3eb5f8e954"}}
[debug] [2026-06-01T20:19:17.246Z] <<< [apiv2][status] POST https://cloudfunctions.googleapis.com/v2/projects/aera-cloud/locations/southamerica-east1/functions 200
[debug] [2026-06-01T20:19:17.247Z] <<< [apiv2][body] POST https://cloudfunctions.googleapis.com/v2/projects/aera-cloud/locations/southamerica-east1/functions {"name":"projects/aera-cloud/locations/southamerica-east1/operations/operation-1780345156392-65336e89fd44b-bf50a9f9-199b1b40","metadata":{"@type":"type.googleapis.com/google.cloud.functions.v2.OperationMetadata","createTime":"2026-06-01T20:19:17.159701905Z","target":"projects/aera-cloud/locations/southamerica-east1/functions/submitLead","verb":"create","cancelRequested":false,"apiVersion":"v2"},"done":false}
[debug] [2026-06-01T20:19:17.248Z] Checked if tokens are valid: true, expires at: 1780348170000
[debug] [2026-06-01T20:19:17.248Z] Checked if tokens are valid: true, expires at: 1780348170000
[debug] [2026-06-01T20:19:17.248Z] >>> [apiv2][query] GET https://cloudfunctions.googleapis.com/v2/projects/aera-cloud/locations/southamerica-east1/operations/operation-1780345156392-65336e89fd44b-bf50a9f9-199b1b40 [none]
[debug] [2026-06-01T20:19:17.475Z] <<< [apiv2][status] GET https://cloudfunctions.googleapis.com/v2/projects/aera-cloud/locations/southamerica-east1/operations/operation-1780345156392-65336e89fd44b-bf50a9f9-199b1b40 200
[debug] [2026-06-01T20:19:17.475Z] <<< [apiv2][body] GET https://cloudfunctions.googleapis.com/v2/projects/aera-cloud/locations/southamerica-east1/operations/operation-1780345156392-65336e89fd44b-bf50a9f9-199b1b40 {"name":"projects/aera-cloud/locations/southamerica-east1/operations/operation-1780345156392-65336e89fd44b-bf50a9f9-199b1b40","metadata":{"@type":"type.googleapis.com/google.cloud.functions.v2.OperationMetadata","createTime":"2026-06-01T20:19:17.159701905Z","target":"projects/aera-cloud/locations/southamerica-east1/functions/submitLead","verb":"create","cancelRequested":false,"apiVersion":"v2"},"done":false}
[debug] [2026-06-01T20:19:17.977Z] [create-default-southamerica-east1-submitLead] Retrying task index 0
[debug] [2026-06-01T20:19:17.978Z] Checked if tokens are valid: true, expires at: 1780348170000
[debug] [2026-06-01T20:19:17.978Z] Checked if tokens are valid: true, expires at: 1780348170000
[debug] [2026-06-01T20:19:17.978Z] >>> [apiv2][query] GET https://cloudfunctions.googleapis.com/v2/projects/aera-cloud/locations/southamerica-east1/operations/operation-1780345156392-65336e89fd44b-bf50a9f9-199b1b40 [none]
[debug] [2026-06-01T20:19:18.479Z] <<< [apiv2][status] GET https://cloudfunctions.googleapis.com/v2/projects/aera-cloud/locations/southamerica-east1/operations/operation-1780345156392-65336e89fd44b-bf50a9f9-199b1b40 200
[debug] [2026-06-01T20:19:18.479Z] <<< [apiv2][body] GET https://cloudfunctions.googleapis.com/v2/projects/aera-cloud/locations/southamerica-east1/operations/operation-1780345156392-65336e89fd44b-bf50a9f9-199b1b40 {"name":"projects/aera-cloud/locations/southamerica-east1/operations/operation-1780345156392-65336e89fd44b-bf50a9f9-199b1b40","metadata":{"@type":"type.googleapis.com/google.cloud.functions.v2.OperationMetadata","createTime":"2026-06-01T20:19:17.159701905Z","target":"projects/aera-cloud/locations/southamerica-east1/functions/submitLead","verb":"create","cancelRequested":false,"apiVersion":"v2","requestResource":{"@type":"type.googleapis.com/google.cloud.functions.v2.Function","name":"projects/aera-cloud/locations/southamerica-east1/functions/submitLead","buildConfig":{"runtime":"nodejs20","entryPoint":"submitLead","source":{"storageSource":{"bucket":"gcf-v2-sources-837928265015-southamerica-east1","object":"submitLead/function-source.zip","generation":"1780345156677182"}},"environmentVariables":{"GOOGLE_NODE_RUN_SCRIPTS":""},"serviceAccount":"projects/aera-cloud/serviceAccounts/837928265015-compute@developer.gserviceaccount.com","automaticUpdatePolicy":{}},"serviceConfig":{"service":"projects/aera-cloud/locations/southamerica-east1/services/submitlead","timeoutSeconds":60,"environmentVariables":{"FIREBASE_CONFIG":"{\"projectId\":\"aera-cloud\",\"storageBucket\":\"aera-cloud.firebasestorage.app\"}","GCLOUD_PROJECT":"aera-cloud","EVENTARC_CLOUD_EVENT_SOURCE":"projects/aera-cloud/locations/southamerica-east1/services/submitLead","FUNCTION_TARGET":"submitLead","LOG_EXECUTION_ID":"true"},"maxInstanceCount":10,"ingressSettings":"ALLOW_ALL","serviceAccountEmail":"837928265015-compute@developer.gserviceaccount.com","availableMemory":"256Mi","maxInstanceRequestConcurrency":80,"availableCpu":"1"},"labels":{"deployment-tool":"cli-firebase","firebase-functions-hash":"7c3b9f151fbfb2ec96c594eaa2a44d3eb5f8e954"},"environment":"GEN_2"},"stages":[{"name":"BUILD","state":"NOT_STARTED","stateMessages":[{"severity":"WARNING","type":"BuildAnalysisWarning","message":"Node.js 20 is no longer supported by the Node.js community as of 30 April, 2026. Runtime nodejs20 is currently deprecated for Cloud Functions. We recommend you to upgrade to the latest version of Node.js as soon as possible."}]},{"name":"SERVICE","state":"NOT_STARTED"}],"operationType":"CREATE_FUNCTION"},"done":false}
[debug] [2026-06-01T20:19:19.481Z] [create-default-southamerica-east1-submitLead] Retrying task index 0
[debug] [2026-06-01T20:19:19.482Z] Checked if tokens are valid: true, expires at: 1780348170000
[debug] [2026-06-01T20:19:19.482Z] Checked if tokens are valid: true, expires at: 1780348170000
[debug] [2026-06-01T20:19:19.482Z] >>> [apiv2][query] GET https://cloudfunctions.googleapis.com/v2/projects/aera-cloud/locations/southamerica-east1/operations/operation-1780345156392-65336e89fd44b-bf50a9f9-199b1b40 [none]
[debug] [2026-06-01T20:19:19.993Z] <<< [apiv2][status] GET https://cloudfunctions.googleapis.com/v2/projects/aera-cloud/locations/southamerica-east1/operations/operation-1780345156392-65336e89fd44b-bf50a9f9-199b1b40 200
[debug] [2026-06-01T20:19:19.993Z] <<< [apiv2][body] GET https://cloudfunctions.googleapis.com/v2/projects/aera-cloud/locations/southamerica-east1/operations/operation-1780345156392-65336e89fd44b-bf50a9f9-199b1b40 {"name":"projects/aera-cloud/locations/southamerica-east1/operations/operation-1780345156392-65336e89fd44b-bf50a9f9-199b1b40","metadata":{"@type":"type.googleapis.com/google.cloud.functions.v2.OperationMetadata","createTime":"2026-06-01T20:19:17.159701905Z","target":"projects/aera-cloud/locations/southamerica-east1/functions/submitLead","verb":"create","cancelRequested":false,"apiVersion":"v2","requestResource":{"@type":"type.googleapis.com/google.cloud.functions.v2.Function","name":"projects/aera-cloud/locations/southamerica-east1/functions/submitLead","buildConfig":{"runtime":"nodejs20","entryPoint":"submitLead","source":{"storageSource":{"bucket":"gcf-v2-sources-837928265015-southamerica-east1","object":"submitLead/function-source.zip","generation":"1780345156677182"}},"environmentVariables":{"GOOGLE_NODE_RUN_SCRIPTS":""},"serviceAccount":"projects/aera-cloud/serviceAccounts/837928265015-compute@developer.gserviceaccount.com","automaticUpdatePolicy":{}},"serviceConfig":{"service":"projects/aera-cloud/locations/southamerica-east1/services/submitlead","timeoutSeconds":60,"environmentVariables":{"FIREBASE_CONFIG":"{\"projectId\":\"aera-cloud\",\"storageBucket\":\"aera-cloud.firebasestorage.app\"}","GCLOUD_PROJECT":"aera-cloud","EVENTARC_CLOUD_EVENT_SOURCE":"projects/aera-cloud/locations/southamerica-east1/services/submitLead","FUNCTION_TARGET":"submitLead","LOG_EXECUTION_ID":"true"},"maxInstanceCount":10,"ingressSettings":"ALLOW_ALL","serviceAccountEmail":"837928265015-compute@developer.gserviceaccount.com","availableMemory":"256Mi","maxInstanceRequestConcurrency":80,"availableCpu":"1"},"labels":{"deployment-tool":"cli-firebase","firebase-functions-hash":"7c3b9f151fbfb2ec96c594eaa2a44d3eb5f8e954"},"environment":"GEN_2"},"stages":[{"name":"BUILD","state":"NOT_STARTED","stateMessages":[{"severity":"WARNING","type":"BuildAnalysisWarning","message":"Node.js 20 is no longer supported by the Node.js community as of 30 April, 2026. Runtime nodejs20 is currently deprecated for Cloud Functions. We recommend you to upgrade to the latest version of Node.js as soon as possible."}]},{"name":"SERVICE","state":"NOT_STARTED"}],"operationType":"CREATE_FUNCTION"},"done":false}
[debug] [2026-06-01T20:19:21.994Z] [create-default-southamerica-east1-submitLead] Retrying task index 0
[debug] [2026-06-01T20:19:21.994Z] Checked if tokens are valid: true, expires at: 1780348170000
[debug] [2026-06-01T20:19:21.994Z] Checked if tokens are valid: true, expires at: 1780348170000
[debug] [2026-06-01T20:19:21.994Z] >>> [apiv2][query] GET https://cloudfunctions.googleapis.com/v2/projects/aera-cloud/locations/southamerica-east1/operations/operation-1780345156392-65336e89fd44b-bf50a9f9-199b1b40 [none]
[debug] [2026-06-01T20:19:22.275Z] <<< [apiv2][status] GET https://cloudfunctions.googleapis.com/v2/projects/aera-cloud/locations/southamerica-east1/operations/operation-1780345156392-65336e89fd44b-bf50a9f9-199b1b40 200
[debug] [2026-06-01T20:19:22.275Z] <<< [apiv2][body] GET https://cloudfunctions.googleapis.com/v2/projects/aera-cloud/locations/southamerica-east1/operations/operation-1780345156392-65336e89fd44b-bf50a9f9-199b1b40 {"name":"projects/aera-cloud/locations/southamerica-east1/operations/operation-1780345156392-65336e89fd44b-bf50a9f9-199b1b40","metadata":{"@type":"type.googleapis.com/google.cloud.functions.v2.OperationMetadata","createTime":"2026-06-01T20:19:17.159701905Z","target":"projects/aera-cloud/locations/southamerica-east1/functions/submitLead","verb":"create","cancelRequested":false,"apiVersion":"v2","requestResource":{"@type":"type.googleapis.com/google.cloud.functions.v2.Function","name":"projects/aera-cloud/locations/southamerica-east1/functions/submitLead","buildConfig":{"runtime":"nodejs20","entryPoint":"submitLead","source":{"storageSource":{"bucket":"gcf-v2-sources-837928265015-southamerica-east1","object":"submitLead/function-source.zip","generation":"1780345156677182"}},"environmentVariables":{"GOOGLE_NODE_RUN_SCRIPTS":""},"serviceAccount":"projects/aera-cloud/serviceAccounts/837928265015-compute@developer.gserviceaccount.com","automaticUpdatePolicy":{}},"serviceConfig":{"service":"projects/aera-cloud/locations/southamerica-east1/services/submitlead","timeoutSeconds":60,"environmentVariables":{"FIREBASE_CONFIG":"{\"projectId\":\"aera-cloud\",\"storageBucket\":\"aera-cloud.firebasestorage.app\"}","GCLOUD_PROJECT":"aera-cloud","EVENTARC_CLOUD_EVENT_SOURCE":"projects/aera-cloud/locations/southamerica-east1/services/submitLead","FUNCTION_TARGET":"submitLead","LOG_EXECUTION_ID":"true"},"maxInstanceCount":10,"ingressSettings":"ALLOW_ALL","serviceAccountEmail":"837928265015-compute@developer.gserviceaccount.com","availableMemory":"256Mi","maxInstanceRequestConcurrency":80,"availableCpu":"1"},"labels":{"deployment-tool":"cli-firebase","firebase-functions-hash":"7c3b9f151fbfb2ec96c594eaa2a44d3eb5f8e954"},"environment":"GEN_2"},"stages":[{"name":"BUILD","state":"NOT_STARTED","stateMessages":[{"severity":"WARNING","type":"BuildAnalysisWarning","message":"Node.js 20 is no longer supported by the Node.js community as of 30 April, 2026. Runtime nodejs20 is currently deprecated for Cloud Functions. We recommend you to upgrade to the latest version of Node.js as soon as possible."}]},{"name":"SERVICE","state":"NOT_STARTED"}],"operationType":"CREATE_FUNCTION"},"done":false}
[debug] [2026-06-01T20:19:26.278Z] [create-default-southamerica-east1-submitLead] Retrying task index 0
[debug] [2026-06-01T20:19:26.278Z] Checked if tokens are valid: true, expires at: 1780348170000
[debug] [2026-06-01T20:19:26.278Z] Checked if tokens are valid: true, expires at: 1780348170000
[debug] [2026-06-01T20:19:26.278Z] >>> [apiv2][query] GET https://cloudfunctions.googleapis.com/v2/projects/aera-cloud/locations/southamerica-east1/operations/operation-1780345156392-65336e89fd44b-bf50a9f9-199b1b40 [none]
[debug] [2026-06-01T20:19:26.687Z] <<< [apiv2][status] GET https://cloudfunctions.googleapis.com/v2/projects/aera-cloud/locations/southamerica-east1/operations/operation-1780345156392-65336e89fd44b-bf50a9f9-199b1b40 200
[debug] [2026-06-01T20:19:26.687Z] <<< [apiv2][body] GET https://cloudfunctions.googleapis.com/v2/projects/aera-cloud/locations/southamerica-east1/operations/operation-1780345156392-65336e89fd44b-bf50a9f9-199b1b40 {"name":"projects/aera-cloud/locations/southamerica-east1/operations/operation-1780345156392-65336e89fd44b-bf50a9f9-199b1b40","metadata":{"@type":"type.googleapis.com/google.cloud.functions.v2.OperationMetadata","createTime":"2026-06-01T20:19:17.159701905Z","target":"projects/aera-cloud/locations/southamerica-east1/functions/submitLead","verb":"create","cancelRequested":false,"apiVersion":"v2","requestResource":{"@type":"type.googleapis.com/google.cloud.functions.v2.Function","name":"projects/aera-cloud/locations/southamerica-east1/functions/submitLead","buildConfig":{"runtime":"nodejs20","entryPoint":"submitLead","source":{"storageSource":{"bucket":"gcf-v2-sources-837928265015-southamerica-east1","object":"submitLead/function-source.zip","generation":"1780345156677182"}},"environmentVariables":{"GOOGLE_NODE_RUN_SCRIPTS":""},"serviceAccount":"projects/aera-cloud/serviceAccounts/837928265015-compute@developer.gserviceaccount.com","automaticUpdatePolicy":{}},"serviceConfig":{"service":"projects/aera-cloud/locations/southamerica-east1/services/submitlead","timeoutSeconds":60,"environmentVariables":{"FIREBASE_CONFIG":"{\"projectId\":\"aera-cloud\",\"storageBucket\":\"aera-cloud.firebasestorage.app\"}","GCLOUD_PROJECT":"aera-cloud","EVENTARC_CLOUD_EVENT_SOURCE":"projects/aera-cloud/locations/southamerica-east1/services/submitLead","FUNCTION_TARGET":"submitLead","LOG_EXECUTION_ID":"true"},"maxInstanceCount":10,"ingressSettings":"ALLOW_ALL","serviceAccountEmail":"837928265015-compute@developer.gserviceaccount.com","availableMemory":"256Mi","maxInstanceRequestConcurrency":80,"availableCpu":"1"},"labels":{"deployment-tool":"cli-firebase","firebase-functions-hash":"7c3b9f151fbfb2ec96c594eaa2a44d3eb5f8e954"},"environment":"GEN_2"},"stages":[{"name":"BUILD","state":"NOT_STARTED","stateMessages":[{"severity":"WARNING","type":"BuildAnalysisWarning","message":"Node.js 20 is no longer supported by the Node.js community as of 30 April, 2026. Runtime nodejs20 is currently deprecated for Cloud Functions. We recommend you to upgrade to the latest version of Node.js as soon as possible."}]},{"name":"SERVICE","state":"NOT_STARTED"}],"operationType":"CREATE_FUNCTION"},"done":false}
[debug] [2026-06-01T20:19:34.691Z] [create-default-southamerica-east1-submitLead] Retrying task index 0
[debug] [2026-06-01T20:19:34.692Z] Checked if tokens are valid: true, expires at: 1780348170000
[debug] [2026-06-01T20:19:34.692Z] Checked if tokens are valid: true, expires at: 1780348170000
[debug] [2026-06-01T20:19:34.692Z] >>> [apiv2][query] GET https://cloudfunctions.googleapis.com/v2/projects/aera-cloud/locations/southamerica-east1/operations/operation-1780345156392-65336e89fd44b-bf50a9f9-199b1b40 [none]
[debug] [2026-06-01T20:19:35.368Z] <<< [apiv2][status] GET https://cloudfunctions.googleapis.com/v2/projects/aera-cloud/locations/southamerica-east1/operations/operation-1780345156392-65336e89fd44b-bf50a9f9-199b1b40 200
[debug] [2026-06-01T20:19:35.369Z] <<< [apiv2][body] GET https://cloudfunctions.googleapis.com/v2/projects/aera-cloud/locations/southamerica-east1/operations/operation-1780345156392-65336e89fd44b-bf50a9f9-199b1b40 {"name":"projects/aera-cloud/locations/southamerica-east1/operations/operation-1780345156392-65336e89fd44b-bf50a9f9-199b1b40","metadata":{"@type":"type.googleapis.com/google.cloud.functions.v2.OperationMetadata","createTime":"2026-06-01T20:19:17.159701905Z","target":"projects/aera-cloud/locations/southamerica-east1/functions/submitLead","verb":"create","cancelRequested":false,"apiVersion":"v2","requestResource":{"@type":"type.googleapis.com/google.cloud.functions.v2.Function","name":"projects/aera-cloud/locations/southamerica-east1/functions/submitLead","buildConfig":{"runtime":"nodejs20","entryPoint":"submitLead","source":{"storageSource":{"bucket":"gcf-v2-sources-837928265015-southamerica-east1","object":"submitLead/function-source.zip","generation":"1780345156677182"}},"environmentVariables":{"GOOGLE_NODE_RUN_SCRIPTS":""},"serviceAccount":"projects/aera-cloud/serviceAccounts/837928265015-compute@developer.gserviceaccount.com","automaticUpdatePolicy":{}},"serviceConfig":{"service":"projects/aera-cloud/locations/southamerica-east1/services/submitlead","timeoutSeconds":60,"environmentVariables":{"FIREBASE_CONFIG":"{\"projectId\":\"aera-cloud\",\"storageBucket\":\"aera-cloud.firebasestorage.app\"}","GCLOUD_PROJECT":"aera-cloud","EVENTARC_CLOUD_EVENT_SOURCE":"projects/aera-cloud/locations/southamerica-east1/services/submitLead","FUNCTION_TARGET":"submitLead","LOG_EXECUTION_ID":"true"},"maxInstanceCount":10,"ingressSettings":"ALLOW_ALL","serviceAccountEmail":"837928265015-compute@developer.gserviceaccount.com","availableMemory":"256Mi","maxInstanceRequestConcurrency":80,"availableCpu":"1"},"labels":{"deployment-tool":"cli-firebase","firebase-functions-hash":"7c3b9f151fbfb2ec96c594eaa2a44d3eb5f8e954"},"environment":"GEN_2"},"stages":[{"name":"BUILD","state":"NOT_STARTED","stateMessages":[{"severity":"WARNING","type":"BuildAnalysisWarning","message":"Node.js 20 is no longer supported by the Node.js community as of 30 April, 2026. Runtime nodejs20 is currently deprecated for Cloud Functions. We recommend you to upgrade to the latest version of Node.js as soon as possible."}]},{"name":"SERVICE","state":"NOT_STARTED"}],"operationType":"CREATE_FUNCTION"},"done":false}
[debug] [2026-06-01T20:19:45.375Z] [create-default-southamerica-east1-submitLead] Retrying task index 0
[debug] [2026-06-01T20:19:45.375Z] Checked if tokens are valid: true, expires at: 1780348170000
[debug] [2026-06-01T20:19:45.375Z] Checked if tokens are valid: true, expires at: 1780348170000
[debug] [2026-06-01T20:19:45.375Z] >>> [apiv2][query] GET https://cloudfunctions.googleapis.com/v2/projects/aera-cloud/locations/southamerica-east1/operations/operation-1780345156392-65336e89fd44b-bf50a9f9-199b1b40 [none]
[debug] [2026-06-01T20:19:46.034Z] <<< [apiv2][status] GET https://cloudfunctions.googleapis.com/v2/projects/aera-cloud/locations/southamerica-east1/operations/operation-1780345156392-65336e89fd44b-bf50a9f9-199b1b40 200
[debug] [2026-06-01T20:19:46.035Z] <<< [apiv2][body] GET https://cloudfunctions.googleapis.com/v2/projects/aera-cloud/locations/southamerica-east1/operations/operation-1780345156392-65336e89fd44b-bf50a9f9-199b1b40 {"name":"projects/aera-cloud/locations/southamerica-east1/operations/operation-1780345156392-65336e89fd44b-bf50a9f9-199b1b40","metadata":{"@type":"type.googleapis.com/google.cloud.functions.v2.OperationMetadata","createTime":"2026-06-01T20:19:17.159701905Z","target":"projects/aera-cloud/locations/southamerica-east1/functions/submitLead","verb":"create","cancelRequested":false,"apiVersion":"v2","requestResource":{"@type":"type.googleapis.com/google.cloud.functions.v2.Function","name":"projects/aera-cloud/locations/southamerica-east1/functions/submitLead","buildConfig":{"runtime":"nodejs20","entryPoint":"submitLead","source":{"storageSource":{"bucket":"gcf-v2-sources-837928265015-southamerica-east1","object":"submitLead/function-source.zip","generation":"1780345156677182"}},"environmentVariables":{"GOOGLE_NODE_RUN_SCRIPTS":""},"serviceAccount":"projects/aera-cloud/serviceAccounts/837928265015-compute@developer.gserviceaccount.com","automaticUpdatePolicy":{}},"serviceConfig":{"service":"projects/aera-cloud/locations/southamerica-east1/services/submitlead","timeoutSeconds":60,"environmentVariables":{"FIREBASE_CONFIG":"{\"projectId\":\"aera-cloud\",\"storageBucket\":\"aera-cloud.firebasestorage.app\"}","GCLOUD_PROJECT":"aera-cloud","EVENTARC_CLOUD_EVENT_SOURCE":"projects/aera-cloud/locations/southamerica-east1/services/submitLead","FUNCTION_TARGET":"submitLead","LOG_EXECUTION_ID":"true"},"maxInstanceCount":10,"ingressSettings":"ALLOW_ALL","serviceAccountEmail":"837928265015-compute@developer.gserviceaccount.com","availableMemory":"256Mi","maxInstanceRequestConcurrency":80,"availableCpu":"1"},"labels":{"deployment-tool":"cli-firebase","firebase-functions-hash":"7c3b9f151fbfb2ec96c594eaa2a44d3eb5f8e954"},"environment":"GEN_2"},"stages":[{"name":"BUILD","message":"Build in progress","state":"IN_PROGRESS","resource":"projects/837928265015/locations/southamerica-east1/builds/b3a8d8ce-78bd-4ddf-b080-a00c744df603","resourceUri":"https://console.cloud.google.com/cloud-build/builds;region=southamerica-east1/b3a8d8ce-78bd-4ddf-b080-a00c744df603?project=837928265015"},{"name":"SERVICE","state":"NOT_STARTED"}],"operationType":"CREATE_FUNCTION","buildName":"projects/837928265015/locations/southamerica-east1/builds/b3a8d8ce-78bd-4ddf-b080-a00c744df603"},"done":false}
[debug] [2026-06-01T20:19:56.041Z] [create-default-southamerica-east1-submitLead] Retrying task index 0
[debug] [2026-06-01T20:19:56.041Z] Checked if tokens are valid: true, expires at: 1780348170000
[debug] [2026-06-01T20:19:56.041Z] Checked if tokens are valid: true, expires at: 1780348170000
[debug] [2026-06-01T20:19:56.042Z] >>> [apiv2][query] GET https://cloudfunctions.googleapis.com/v2/projects/aera-cloud/locations/southamerica-east1/operations/operation-1780345156392-65336e89fd44b-bf50a9f9-199b1b40 [none]
[debug] [2026-06-01T20:19:56.590Z] <<< [apiv2][status] GET https://cloudfunctions.googleapis.com/v2/projects/aera-cloud/locations/southamerica-east1/operations/operation-1780345156392-65336e89fd44b-bf50a9f9-199b1b40 200
[debug] [2026-06-01T20:19:56.590Z] <<< [apiv2][body] GET https://cloudfunctions.googleapis.com/v2/projects/aera-cloud/locations/southamerica-east1/operations/operation-1780345156392-65336e89fd44b-bf50a9f9-199b1b40 {"name":"projects/aera-cloud/locations/southamerica-east1/operations/operation-1780345156392-65336e89fd44b-bf50a9f9-199b1b40","metadata":{"@type":"type.googleapis.com/google.cloud.functions.v2.OperationMetadata","createTime":"2026-06-01T20:19:17.159701905Z","target":"projects/aera-cloud/locations/southamerica-east1/functions/submitLead","verb":"create","cancelRequested":false,"apiVersion":"v2","requestResource":{"@type":"type.googleapis.com/google.cloud.functions.v2.Function","name":"projects/aera-cloud/locations/southamerica-east1/functions/submitLead","buildConfig":{"runtime":"nodejs20","entryPoint":"submitLead","source":{"storageSource":{"bucket":"gcf-v2-sources-837928265015-southamerica-east1","object":"submitLead/function-source.zip","generation":"1780345156677182"}},"environmentVariables":{"GOOGLE_NODE_RUN_SCRIPTS":""},"serviceAccount":"projects/aera-cloud/serviceAccounts/837928265015-compute@developer.gserviceaccount.com","automaticUpdatePolicy":{}},"serviceConfig":{"service":"projects/aera-cloud/locations/southamerica-east1/services/submitlead","timeoutSeconds":60,"environmentVariables":{"FIREBASE_CONFIG":"{\"projectId\":\"aera-cloud\",\"storageBucket\":\"aera-cloud.firebasestorage.app\"}","GCLOUD_PROJECT":"aera-cloud","EVENTARC_CLOUD_EVENT_SOURCE":"projects/aera-cloud/locations/southamerica-east1/services/submitLead","FUNCTION_TARGET":"submitLead","LOG_EXECUTION_ID":"true"},"maxInstanceCount":10,"ingressSettings":"ALLOW_ALL","serviceAccountEmail":"837928265015-compute@developer.gserviceaccount.com","availableMemory":"256Mi","maxInstanceRequestConcurrency":80,"availableCpu":"1"},"labels":{"deployment-tool":"cli-firebase","firebase-functions-hash":"7c3b9f151fbfb2ec96c594eaa2a44d3eb5f8e954"},"environment":"GEN_2"},"stages":[{"name":"BUILD","message":"Build in progress","state":"IN_PROGRESS","resource":"projects/837928265015/locations/southamerica-east1/builds/b3a8d8ce-78bd-4ddf-b080-a00c744df603","resourceUri":"https://console.cloud.google.com/cloud-build/builds;region=southamerica-east1/b3a8d8ce-78bd-4ddf-b080-a00c744df603?project=837928265015"},{"name":"SERVICE","state":"NOT_STARTED"}],"operationType":"CREATE_FUNCTION","buildName":"projects/837928265015/locations/southamerica-east1/builds/b3a8d8ce-78bd-4ddf-b080-a00c744df603"},"done":false}
[debug] [2026-06-01T20:20:06.596Z] [create-default-southamerica-east1-submitLead] Retrying task index 0
[debug] [2026-06-01T20:20:06.596Z] Checked if tokens are valid: true, expires at: 1780348170000
[debug] [2026-06-01T20:20:06.597Z] Checked if tokens are valid: true, expires at: 1780348170000
[debug] [2026-06-01T20:20:06.597Z] >>> [apiv2][query] GET https://cloudfunctions.googleapis.com/v2/projects/aera-cloud/locations/southamerica-east1/operations/operation-1780345156392-65336e89fd44b-bf50a9f9-199b1b40 [none]
[debug] [2026-06-01T20:20:07.230Z] <<< [apiv2][status] GET https://cloudfunctions.googleapis.com/v2/projects/aera-cloud/locations/southamerica-east1/operations/operation-1780345156392-65336e89fd44b-bf50a9f9-199b1b40 200
[debug] [2026-06-01T20:20:07.231Z] <<< [apiv2][body] GET https://cloudfunctions.googleapis.com/v2/projects/aera-cloud/locations/southamerica-east1/operations/operation-1780345156392-65336e89fd44b-bf50a9f9-199b1b40 {"name":"projects/aera-cloud/locations/southamerica-east1/operations/operation-1780345156392-65336e89fd44b-bf50a9f9-199b1b40","metadata":{"@type":"type.googleapis.com/google.cloud.functions.v2.OperationMetadata","createTime":"2026-06-01T20:19:17.159701905Z","target":"projects/aera-cloud/locations/southamerica-east1/functions/submitLead","verb":"create","cancelRequested":false,"apiVersion":"v2","requestResource":{"@type":"type.googleapis.com/google.cloud.functions.v2.Function","name":"projects/aera-cloud/locations/southamerica-east1/functions/submitLead","buildConfig":{"runtime":"nodejs20","entryPoint":"submitLead","source":{"storageSource":{"bucket":"gcf-v2-sources-837928265015-southamerica-east1","object":"submitLead/function-source.zip","generation":"1780345156677182"}},"environmentVariables":{"GOOGLE_NODE_RUN_SCRIPTS":""},"serviceAccount":"projects/aera-cloud/serviceAccounts/837928265015-compute@developer.gserviceaccount.com","automaticUpdatePolicy":{}},"serviceConfig":{"service":"projects/aera-cloud/locations/southamerica-east1/services/submitlead","timeoutSeconds":60,"environmentVariables":{"FIREBASE_CONFIG":"{\"projectId\":\"aera-cloud\",\"storageBucket\":\"aera-cloud.firebasestorage.app\"}","GCLOUD_PROJECT":"aera-cloud","EVENTARC_CLOUD_EVENT_SOURCE":"projects/aera-cloud/locations/southamerica-east1/services/submitLead","FUNCTION_TARGET":"submitLead","LOG_EXECUTION_ID":"true"},"maxInstanceCount":10,"ingressSettings":"ALLOW_ALL","serviceAccountEmail":"837928265015-compute@developer.gserviceaccount.com","availableMemory":"256Mi","maxInstanceRequestConcurrency":80,"availableCpu":"1"},"labels":{"deployment-tool":"cli-firebase","firebase-functions-hash":"7c3b9f151fbfb2ec96c594eaa2a44d3eb5f8e954"},"environment":"GEN_2"},"stages":[{"name":"BUILD","message":"Build in progress","state":"IN_PROGRESS","resource":"projects/837928265015/locations/southamerica-east1/builds/b3a8d8ce-78bd-4ddf-b080-a00c744df603","resourceUri":"https://console.cloud.google.com/cloud-build/builds;region=southamerica-east1/b3a8d8ce-78bd-4ddf-b080-a00c744df603?project=837928265015"},{"name":"SERVICE","state":"NOT_STARTED"}],"operationType":"CREATE_FUNCTION","buildName":"projects/837928265015/locations/southamerica-east1/builds/b3a8d8ce-78bd-4ddf-b080-a00c744df603"},"done":false}
[debug] [2026-06-01T20:20:17.237Z] [create-default-southamerica-east1-submitLead] Retrying task index 0
[debug] [2026-06-01T20:20:17.238Z] Checked if tokens are valid: true, expires at: 1780348170000
[debug] [2026-06-01T20:20:17.238Z] Checked if tokens are valid: true, expires at: 1780348170000
[debug] [2026-06-01T20:20:17.238Z] >>> [apiv2][query] GET https://cloudfunctions.googleapis.com/v2/projects/aera-cloud/locations/southamerica-east1/operations/operation-1780345156392-65336e89fd44b-bf50a9f9-199b1b40 [none]
[debug] [2026-06-01T20:20:17.865Z] <<< [apiv2][status] GET https://cloudfunctions.googleapis.com/v2/projects/aera-cloud/locations/southamerica-east1/operations/operation-1780345156392-65336e89fd44b-bf50a9f9-199b1b40 200
[debug] [2026-06-01T20:20:17.865Z] <<< [apiv2][body] GET https://cloudfunctions.googleapis.com/v2/projects/aera-cloud/locations/southamerica-east1/operations/operation-1780345156392-65336e89fd44b-bf50a9f9-199b1b40 {"name":"projects/aera-cloud/locations/southamerica-east1/operations/operation-1780345156392-65336e89fd44b-bf50a9f9-199b1b40","metadata":{"@type":"type.googleapis.com/google.cloud.functions.v2.OperationMetadata","createTime":"2026-06-01T20:19:17.159701905Z","target":"projects/aera-cloud/locations/southamerica-east1/functions/submitLead","verb":"create","cancelRequested":false,"apiVersion":"v2","requestResource":{"@type":"type.googleapis.com/google.cloud.functions.v2.Function","name":"projects/aera-cloud/locations/southamerica-east1/functions/submitLead","buildConfig":{"runtime":"nodejs20","entryPoint":"submitLead","source":{"storageSource":{"bucket":"gcf-v2-sources-837928265015-southamerica-east1","object":"submitLead/function-source.zip","generation":"1780345156677182"}},"environmentVariables":{"GOOGLE_NODE_RUN_SCRIPTS":""},"serviceAccount":"projects/aera-cloud/serviceAccounts/837928265015-compute@developer.gserviceaccount.com","automaticUpdatePolicy":{}},"serviceConfig":{"service":"projects/aera-cloud/locations/southamerica-east1/services/submitlead","timeoutSeconds":60,"environmentVariables":{"FIREBASE_CONFIG":"{\"projectId\":\"aera-cloud\",\"storageBucket\":\"aera-cloud.firebasestorage.app\"}","GCLOUD_PROJECT":"aera-cloud","EVENTARC_CLOUD_EVENT_SOURCE":"projects/aera-cloud/locations/southamerica-east1/services/submitLead","FUNCTION_TARGET":"submitLead","LOG_EXECUTION_ID":"true"},"maxInstanceCount":10,"ingressSettings":"ALLOW_ALL","serviceAccountEmail":"837928265015-compute@developer.gserviceaccount.com","availableMemory":"256Mi","maxInstanceRequestConcurrency":80,"availableCpu":"1"},"labels":{"deployment-tool":"cli-firebase","firebase-functions-hash":"7c3b9f151fbfb2ec96c594eaa2a44d3eb5f8e954"},"environment":"GEN_2"},"stages":[{"name":"BUILD","message":"Build finished","state":"COMPLETE","resource":"projects/837928265015/locations/southamerica-east1/builds/b3a8d8ce-78bd-4ddf-b080-a00c744df603","resourceUri":"https://console.cloud.google.com/cloud-build/builds;region=southamerica-east1/b3a8d8ce-78bd-4ddf-b080-a00c744df603?project=837928265015"},{"name":"SERVICE","message":"Creating Cloud Run service","state":"IN_PROGRESS","resource":"projects/aera-cloud/locations/southamerica-east1/services/submitlead","resourceUri":"https://console.cloud.google.com/run/detail/southamerica-east1/submitlead?project=aera-cloud"}],"sourceToken":"Cl5wcm9qZWN0cy84Mzc5MjgyNjUwMTUvbG9jYXRpb25zL3NvdXRoYW1lcmljYS1lYXN0MS9idWlsZHMvYjNhOGQ4Y2UtNzhiZC00ZGRmLWIwODAtYTAwYzc0NGRmNjAzEnJzb3V0aGFtZXJpY2EtZWFzdDEtZG9ja2VyLnBrZy5kZXYvYWVyYS1jbG91ZC9nY2YtYXJ0aWZhY3RzL2FlcmEtLWNsb3VkX19zb3V0aGFtZXJpY2EtLWVhc3QxX19zdWJtaXRfbGVhZDp2ZXJzaW9uXzEYt8qqw7EYIkVwcm9qZWN0cy9hZXJhLWNsb3VkL2xvY2F0aW9ucy9zb3V0aGFtZXJpY2EtZWFzdDEvZnVuY3Rpb25zL3N1Ym1pdExlYWQqDAj/0vfQBhCYpamRAjIIbm9kZWpzMjA6fQojZ2NyLmlvL2dhZS1ydW50aW1lcy9ub2RlanMyMDpzdGFibGUSVnNvdXRoYW1lcmljYS1lYXN0MS1kb2NrZXIucGtnLmRldi9zZXJ2ZXJsZXNzLXJ1bnRpbWVzL2dvb2dsZS0yMi1mdWxsL3J1bnRpbWVzL25vZGVqczIwQAE=","operationType":"CREATE_FUNCTION","buildName":"projects/837928265015/locations/southamerica-east1/builds/b3a8d8ce-78bd-4ddf-b080-a00c744df603"},"done":false}
[debug] [2026-06-01T20:20:17.865Z] Got source token Cl5wcm9qZWN0cy84Mzc5MjgyNjUwMTUvbG9jYXRpb25zL3NvdXRoYW1lcmljYS1lYXN0MS9idWlsZHMvYjNhOGQ4Y2UtNzhiZC00ZGRmLWIwODAtYTAwYzc0NGRmNjAzEnJzb3V0aGFtZXJpY2EtZWFzdDEtZG9ja2VyLnBrZy5kZXYvYWVyYS1jbG91ZC9nY2YtYXJ0aWZhY3RzL2FlcmEtLWNsb3VkX19zb3V0aGFtZXJpY2EtLWVhc3QxX19zdWJtaXRfbGVhZDp2ZXJzaW9uXzEYt8qqw7EYIkVwcm9qZWN0cy9hZXJhLWNsb3VkL2xvY2F0aW9ucy9zb3V0aGFtZXJpY2EtZWFzdDEvZnVuY3Rpb25zL3N1Ym1pdExlYWQqDAj/0vfQBhCYpamRAjIIbm9kZWpzMjA6fQojZ2NyLmlvL2dhZS1ydW50aW1lcy9ub2RlanMyMDpzdGFibGUSVnNvdXRoYW1lcmljYS1lYXN0MS1kb2NrZXIucGtnLmRldi9zZXJ2ZXJsZXNzLXJ1bnRpbWVzL2dvb2dsZS0yMi1mdWxsL3J1bnRpbWVzL25vZGVqczIwQAE= for region southamerica-east1
[debug] [2026-06-01T20:20:27.872Z] [create-default-southamerica-east1-submitLead] Retrying task index 0
[debug] [2026-06-01T20:20:27.872Z] Checked if tokens are valid: true, expires at: 1780348170000
[debug] [2026-06-01T20:20:27.872Z] Checked if tokens are valid: true, expires at: 1780348170000
[debug] [2026-06-01T20:20:27.873Z] >>> [apiv2][query] GET https://cloudfunctions.googleapis.com/v2/projects/aera-cloud/locations/southamerica-east1/operations/operation-1780345156392-65336e89fd44b-bf50a9f9-199b1b40 [none]
[debug] [2026-06-01T20:20:28.491Z] <<< [apiv2][status] GET https://cloudfunctions.googleapis.com/v2/projects/aera-cloud/locations/southamerica-east1/operations/operation-1780345156392-65336e89fd44b-bf50a9f9-199b1b40 200
[debug] [2026-06-01T20:20:28.492Z] <<< [apiv2][body] GET https://cloudfunctions.googleapis.com/v2/projects/aera-cloud/locations/southamerica-east1/operations/operation-1780345156392-65336e89fd44b-bf50a9f9-199b1b40 {"name":"projects/aera-cloud/locations/southamerica-east1/operations/operation-1780345156392-65336e89fd44b-bf50a9f9-199b1b40","metadata":{"@type":"type.googleapis.com/google.cloud.functions.v2.OperationMetadata","createTime":"2026-06-01T20:19:17.159701905Z","endTime":"2026-06-01T20:20:23.765806676Z","target":"projects/aera-cloud/locations/southamerica-east1/functions/submitLead","verb":"create","cancelRequested":false,"apiVersion":"v2","requestResource":{"@type":"type.googleapis.com/google.cloud.functions.v2.Function","name":"projects/aera-cloud/locations/southamerica-east1/functions/submitLead","buildConfig":{"runtime":"nodejs20","entryPoint":"submitLead","source":{"storageSource":{"bucket":"gcf-v2-sources-837928265015-southamerica-east1","object":"submitLead/function-source.zip","generation":"1780345156677182"}},"environmentVariables":{"GOOGLE_NODE_RUN_SCRIPTS":""},"serviceAccount":"projects/aera-cloud/serviceAccounts/837928265015-compute@developer.gserviceaccount.com","automaticUpdatePolicy":{}},"serviceConfig":{"service":"projects/aera-cloud/locations/southamerica-east1/services/submitlead","timeoutSeconds":60,"environmentVariables":{"FIREBASE_CONFIG":"{\"projectId\":\"aera-cloud\",\"storageBucket\":\"aera-cloud.firebasestorage.app\"}","GCLOUD_PROJECT":"aera-cloud","EVENTARC_CLOUD_EVENT_SOURCE":"projects/aera-cloud/locations/southamerica-east1/services/submitLead","FUNCTION_TARGET":"submitLead","LOG_EXECUTION_ID":"true"},"maxInstanceCount":10,"ingressSettings":"ALLOW_ALL","serviceAccountEmail":"837928265015-compute@developer.gserviceaccount.com","availableMemory":"256Mi","maxInstanceRequestConcurrency":80,"availableCpu":"1"},"labels":{"deployment-tool":"cli-firebase","firebase-functions-hash":"7c3b9f151fbfb2ec96c594eaa2a44d3eb5f8e954"},"environment":"GEN_2"},"stages":[{"name":"BUILD","message":"Build finished","state":"COMPLETE","resource":"projects/837928265015/locations/southamerica-east1/builds/b3a8d8ce-78bd-4ddf-b080-a00c744df603","resourceUri":"https://console.cloud.google.com/cloud-build/builds;region=southamerica-east1/b3a8d8ce-78bd-4ddf-b080-a00c744df603?project=837928265015"},{"name":"SERVICE","message":"Creating Cloud Run service","state":"COMPLETE","resource":"projects/aera-cloud/locations/southamerica-east1/services/submitlead","resourceUri":"https://console.cloud.google.com/run/detail/southamerica-east1/submitlead?project=aera-cloud"}],"sourceToken":"Cl5wcm9qZWN0cy84Mzc5MjgyNjUwMTUvbG9jYXRpb25zL3NvdXRoYW1lcmljYS1lYXN0MS9idWlsZHMvYjNhOGQ4Y2UtNzhiZC00ZGRmLWIwODAtYTAwYzc0NGRmNjAzEnJzb3V0aGFtZXJpY2EtZWFzdDEtZG9ja2VyLnBrZy5kZXYvYWVyYS1jbG91ZC9nY2YtYXJ0aWZhY3RzL2FlcmEtLWNsb3VkX19zb3V0aGFtZXJpY2EtLWVhc3QxX19zdWJtaXRfbGVhZDp2ZXJzaW9uXzEYt8qqw7EYIkVwcm9qZWN0cy9hZXJhLWNsb3VkL2xvY2F0aW9ucy9zb3V0aGFtZXJpY2EtZWFzdDEvZnVuY3Rpb25zL3N1Ym1pdExlYWQqDAj/0vfQBhCYpamRAjIIbm9kZWpzMjA6fQojZ2NyLmlvL2dhZS1ydW50aW1lcy9ub2RlanMyMDpzdGFibGUSVnNvdXRoYW1lcmljYS1lYXN0MS1kb2NrZXIucGtnLmRldi9zZXJ2ZXJsZXNzLXJ1bnRpbWVzL2dvb2dsZS0yMi1mdWxsL3J1bnRpbWVzL25vZGVqczIwQAE=","operationType":"CREATE_FUNCTION","buildName":"projects/837928265015/locations/southamerica-east1/builds/b3a8d8ce-78bd-4ddf-b080-a00c744df603"},"done":true,"response":{"@type":"type.googleapis.com/google.cloud.functions.v2.Function","name":"projects/aera-cloud/locations/southamerica-east1/functions/submitLead","buildConfig":{"build":"projects/837928265015/locations/southamerica-east1/builds/b3a8d8ce-78bd-4ddf-b080-a00c744df603","runtime":"nodejs20","entryPoint":"submitLead","source":{"storageSource":{"bucket":"gcf-v2-sources-837928265015-southamerica-east1","object":"submitLead/function-source.zip","generation":"1780345156677182"}},"environmentVariables":{"GOOGLE_NODE_RUN_SCRIPTS":""},"dockerRepository":"projects/aera-cloud/locations/southamerica-east1/repositories/gcf-artifacts","sourceProvenance":{"resolvedStorageSource":{"bucket":"gcf-v2-sources-837928265015-southamerica-east1","object":"submitLead/function-source.zip","generation":"1780345156677182"}},"dockerRegistry":"ARTIFACT_REGISTRY","serviceAccount":"projects/aera-cloud/serviceAccounts/837928265015-compute@developer.gserviceaccount.com","automaticUpdatePolicy":{}},"serviceConfig":{"service":"projects/aera-cloud/locations/southamerica-east1/services/submitlead","timeoutSeconds":60,"environmentVariables":{"FIREBASE_CONFIG":"{\"projectId\":\"aera-cloud\",\"storageBucket\":\"aera-cloud.firebasestorage.app\"}","GCLOUD_PROJECT":"aera-cloud","EVENTARC_CLOUD_EVENT_SOURCE":"projects/aera-cloud/locations/southamerica-east1/services/submitLead","FUNCTION_TARGET":"submitLead","LOG_EXECUTION_ID":"true"},"maxInstanceCount":10,"ingressSettings":"ALLOW_ALL","uri":"https://submitlead-ncmk6aukma-rj.a.run.app","serviceAccountEmail":"837928265015-compute@developer.gserviceaccount.com","availableMemory":"256Mi","allTrafficOnLatestRevision":true,"revision":"submitlead-00001-mox","maxInstanceRequestConcurrency":80,"availableCpu":"1"},"state":"ACTIVE","updateTime":"2026-06-01T20:19:17.154586001Z","labels":{"deployment-tool":"cli-firebase","firebase-functions-hash":"7c3b9f151fbfb2ec96c594eaa2a44d3eb5f8e954"},"environment":"GEN_2","url":"https://southamerica-east1-aera-cloud.cloudfunctions.net/submitLead","satisfiesPzs":true,"createTime":"2026-06-01T20:19:17.154586001Z","satisfiesPzi":true}}
[debug] [2026-06-01T20:20:28.492Z] Got source token Cl5wcm9qZWN0cy84Mzc5MjgyNjUwMTUvbG9jYXRpb25zL3NvdXRoYW1lcmljYS1lYXN0MS9idWlsZHMvYjNhOGQ4Y2UtNzhiZC00ZGRmLWIwODAtYTAwYzc0NGRmNjAzEnJzb3V0aGFtZXJpY2EtZWFzdDEtZG9ja2VyLnBrZy5kZXYvYWVyYS1jbG91ZC9nY2YtYXJ0aWZhY3RzL2FlcmEtLWNsb3VkX19zb3V0aGFtZXJpY2EtLWVhc3QxX19zdWJtaXRfbGVhZDp2ZXJzaW9uXzEYt8qqw7EYIkVwcm9qZWN0cy9hZXJhLWNsb3VkL2xvY2F0aW9ucy9zb3V0aGFtZXJpY2EtZWFzdDEvZnVuY3Rpb25zL3N1Ym1pdExlYWQqDAj/0vfQBhCYpamRAjIIbm9kZWpzMjA6fQojZ2NyLmlvL2dhZS1ydW50aW1lcy9ub2RlanMyMDpzdGFibGUSVnNvdXRoYW1lcmljYS1lYXN0MS1kb2NrZXIucGtnLmRldi9zZXJ2ZXJsZXNzLXJ1bnRpbWVzL2dvb2dsZS0yMi1mdWxsL3J1bnRpbWVzL25vZGVqczIwQAE= for region southamerica-east1
[debug] [2026-06-01T20:20:28.495Z] Checked if tokens are valid: true, expires at: 1780348170000
[debug] [2026-06-01T20:20:28.495Z] Checked if tokens are valid: true, expires at: 1780348170000
[debug] [2026-06-01T20:20:28.495Z] >>> [apiv2][query] POST https://run.googleapis.com/v1/projects/aera-cloud/locations/southamerica-east1/services/submitlead:setIamPolicy [none]
[debug] [2026-06-01T20:20:28.495Z] >>> [apiv2][body] POST https://run.googleapis.com/v1/projects/aera-cloud/locations/southamerica-east1/services/submitlead:setIamPolicy {"policy":{"bindings":[{"role":"roles/run.invoker","members":["allUsers"]}],"etag":"","version":3},"updateMask":"bindings,etag,version"}
[debug] [2026-06-01T20:20:29.348Z] <<< [apiv2][status] POST https://run.googleapis.com/v1/projects/aera-cloud/locations/southamerica-east1/services/submitlead:setIamPolicy 200
[debug] [2026-06-01T20:20:29.348Z] <<< [apiv2][body] POST https://run.googleapis.com/v1/projects/aera-cloud/locations/southamerica-east1/services/submitlead:setIamPolicy {"version":1,"etag":"BwZTNuz3GRw=","bindings":[{"role":"roles/run.invoker","members":["allUsers"]}]}
[info] ✔  functions[submitLead(southamerica-east1)] Successful create operation. 
[debug] [2026-06-01T20:20:29.351Z] Total Function Deployment time: 73363
[debug] [2026-06-01T20:20:29.351Z] 1 Functions Deployed
[debug] [2026-06-01T20:20:29.351Z] 0 Functions Errored
[debug] [2026-06-01T20:20:29.351Z] 0 Function Deployments Aborted
[debug] [2026-06-01T20:20:29.351Z] Average Function Deployment time: 73362
[info] Function URL (submitLead(southamerica-east1)): https://southamerica-east1-aera-cloud.cloudfunctions.net/submitLead
[debug] [2026-06-01T20:20:29.353Z] Checked if tokens are valid: true, expires at: 1780348170000
[debug] [2026-06-01T20:20:29.353Z] Checked if tokens are valid: true, expires at: 1780348170000
[debug] [2026-06-01T20:20:29.353Z] >>> [apiv2][query] GET https://artifactregistry.googleapis.com/v1/projects/aera-cloud/locations/southamerica-east1/repositories/gcf-artifacts [none]
[debug] [2026-06-01T20:20:30.051Z] <<< [apiv2][status] GET https://artifactregistry.googleapis.com/v1/projects/aera-cloud/locations/southamerica-east1/repositories/gcf-artifacts 200
[debug] [2026-06-01T20:20:30.051Z] <<< [apiv2][body] GET https://artifactregistry.googleapis.com/v1/projects/aera-cloud/locations/southamerica-east1/repositories/gcf-artifacts {"name":"projects/aera-cloud/locations/southamerica-east1/repositories/gcf-artifacts","format":"DOCKER","description":"This repository is created and used by Cloud Functions for storing function docker images.","labels":{"goog-managed-by":"cloudfunctions"},"createTime":"2026-06-01T20:19:34.626872Z","updateTime":"2026-06-01T20:20:13.669075Z","mode":"STANDARD_REPOSITORY","sizeBytes":"91552266","satisfiesPzs":true,"vulnerabilityScanningConfig":{"lastEnableTime":"2026-06-01T20:19:17.345733739Z","enablementState":"SCANNING_DISABLED","enablementStateReason":"API containerscanning.googleapis.com is not enabled."},"satisfiesPzi":true,"registryUri":"southamerica-east1-docker.pkg.dev/aera-cloud/gcf-artifacts"}
[warn] ⚠  functions: No cleanup policy detected for repositories in southamerica-east1. This may result in a small monthly bill as container images accumulate over time. 
[debug] [2026-06-01T20:40:19.361Z] Error: setRawMode EIO
    at ReadStream.setRawMode (node:tty:81:24)
    at [_setRawMode] [as _setRawMode] (node:internal/readline/interface:377:18)
    at Interface.close (node:internal/readline/interface:527:24)
    at ReadStream.ontermend (node:internal/readline/interface:267:10)
    at ReadStream.emit (node:events:531:35)
    at ReadStream.emit (node:domain:489:12)
    at endReadableNT (node:internal/streams/readable:1698:12)
    at process.processTicksAndRejections (node:internal/process/task_queues:89:21)
[error] 
[error] Error: An unexpected error has occurred.
[debug] [2026-06-01T20:40:19.362Z] Error: write EIO
    at afterWriteDispatched (node:internal/stream_base_commons:159:15)
    at writeGeneric (node:internal/stream_base_commons:150:3)
    at Socket._writeGeneric (node:net:966:11)
    at Socket._write (node:net:978:8)
    at writeOrBuffer (node:internal/streams/writable:572:12)
    at _write (node:internal/streams/writable:501:10)
    at Writable.write (node:internal/streams/writable:510:10)
    at Console.log (/home/rbrandao/New-AeraCloud/node_modules/winston/lib/winston/transports/console.js:87:23)
    at Console._write (/home/rbrandao/New-AeraCloud/node_modules/winston-transport/modern.js:103:17)
    at doWrite (/home/rbrandao/New-AeraCloud/node_modules/winston-transport/node_modules/readable-stream/lib/_stream_writable.js:390:139)
[error] 
[error] Error: An unexpected error has occurred.
[debug] [2026-06-01T20:40:19.363Z] Error: write EIO
    at afterWriteDispatched (node:internal/stream_base_commons:159:15)
    at writeGeneric (node:internal/stream_base_commons:150:3)
    at Socket._writeGeneric (node:net:966:11)
    at Socket._write (node:net:978:8)
    at writeOrBuffer (node:internal/streams/writable:572:12)
    at _write (node:internal/streams/writable:501:10)
    at Writable.write (node:internal/streams/writable:510:10)
    at Console.log (/home/rbrandao/New-AeraCloud/node_modules/winston/lib/winston/transports/console.js:87:23)
    at Console._write (/home/rbrandao/New-AeraCloud/node_modules/winston-transport/modern.js:103:17)
    at doWrite (/home/rbrandao/New-AeraCloud/node_modules/winston-transport/node_modules/readable-stream/lib/_stream_writable.js:390:139)
[error] 
[error] Error: An unexpected error has occurred.
[debug] [2026-06-01T20:40:19.364Z] Error: write EIO
    at afterWriteDispatched (node:internal/stream_base_commons:159:15)
    at writeGeneric (node:internal/stream_base_commons:150:3)
    at Socket._writeGeneric (node:net:966:11)
    at Socket._write (node:net:978:8)
    at writeOrBuffer (node:internal/streams/writable:572:12)
    at _write (node:internal/streams/writable:501:10)
    at Writable.write (node:internal/streams/writable:510:10)
    at Console.log (/home/rbrandao/New-AeraCloud/node_modules/winston/lib/winston/transports/console.js:87:23)
    at Console._write (/home/rbrandao/New-AeraCloud/node_modules/winston-transport/modern.js:103:17)
    at doWrite (/home/rbrandao/New-AeraCloud/node_modules/winston-transport/node_modules/readable-stream/lib/_stream_writable.js:390:139)
[error] 
[error] Error: An unexpected error has occurred.
[debug] [2026-06-01T20:40:19.364Z] Error: write EIO
    at afterWriteDispatched (node:internal/stream_base_commons:159:15)
    at writeGeneric (node:internal/stream_base_commons:150:3)
    at Socket._writeGeneric (node:net:966:11)
    at Socket._write (node:net:978:8)
    at writeOrBuffer (node:internal/streams/writable:572:12)
    at _write (node:internal/streams/writable:501:10)
    at Writable.write (node:internal/streams/writable:510:10)
    at Console.log (/home/rbrandao/New-AeraCloud/node_modules/winston/lib/winston/transports/console.js:87:23)
    at Console._write (/home/rbrandao/New-AeraCloud/node_modules/winston-transport/modern.js:103:17)
    at doWrite (/home/rbrandao/New-AeraCloud/node_modules/winston-transport/node_modules/readable-stream/lib/_stream_writable.js:390:139)
[error] 
[error] Error: An unexpected error has occurred.
[debug] [2026-06-01T20:40:19.365Z] Error: write EIO
    at afterWriteDispatched (node:internal/stream_base_commons:159:15)
    at writeGeneric (node:internal/stream_base_commons:150:3)
    at Socket._writeGeneric (node:net:966:11)
    at Socket._write (node:net:978:8)
    at writeOrBuffer (node:internal/streams/writable:572:12)
    at _write (node:internal/streams/writable:501:10)
    at Writable.write (node:internal/streams/writable:510:10)
    at Console.log (/home/rbrandao/New-AeraCloud/node_modules/winston/lib/winston/transports/console.js:87:23)
    at Console._write (/home/rbrandao/New-AeraCloud/node_modules/winston-transport/modern.js:103:17)
    at doWrite (/home/rbrandao/New-AeraCloud/node_modules/winston-transport/node_modules/readable-stream/lib/_stream_writable.js:390:139)
[error] 
[error] Error: An unexpected error has occurred.
[debug] [2026-06-01T20:40:19.365Z] Error: write EIO
    at afterWriteDispatched (node:internal/stream_base_commons:159:15)
    at writeGeneric (node:internal/stream_base_commons:150:3)
    at Socket._writeGeneric (node:net:966:11)
    at Socket._write (node:net:978:8)
    at writeOrBuffer (node:internal/streams/writable:572:12)
    at _write (node:internal/streams/writable:501:10)
    at Writable.write (node:internal/streams/writable:510:10)
    at Console.log (/home/rbrandao/New-AeraCloud/node_modules/winston/lib/winston/transports/console.js:87:23)
    at Console._write (/home/rbrandao/New-AeraCloud/node_modules/winston-transport/modern.js:103:17)
    at doWrite (/home/rbrandao/New-AeraCloud/node_modules/winston-transport/node_modules/readable-stream/lib/_stream_writable.js:390:139)
[error] 
[error] Error: An unexpected error has occurred.
[debug] [2026-06-01T20:40:19.366Z] Error: write EIO
    at afterWriteDispatched (node:internal/stream_base_commons:159:15)
    at writeGeneric (node:internal/stream_base_commons:150:3)
    at Socket._writeGeneric (node:net:966:11)
    at Socket._write (node:net:978:8)
    at writeOrBuffer (node:internal/streams/writable:572:12)
    at _write (node:internal/streams/writable:501:10)
    at Writable.write (node:internal/streams/writable:510:10)
    at Console.log (/home/rbrandao/New-AeraCloud/node_modules/winston/lib/winston/transports/console.js:87:23)
    at Console._write (/home/rbrandao/New-AeraCloud/node_modules/winston-transport/modern.js:103:17)
    at doWrite (/home/rbrandao/New-AeraCloud/node_modules/winston-transport/node_modules/readable-stream/lib/_stream_writable.js:390:139)
[error] 
[error] Error: An unexpected error has occurred.
